2024-02-21 10:51:57 Loading main app package /opt/Obsidian/resources/obsidian.asar
2024-02-21 10:51:57 Checking for update using Github
2024-02-21 10:51:57 Success.
2024-02-21 10:51:57 Latest version is 1.5.3
2024-02-21 10:51:57 App is up to date.
2024-02-21 14:20:33 Loading main app package /opt/Obsidian/resources/obsidian.asar
2024-02-21 14:20:34 Checking for update using Github
2024-02-21 14:20:34 Success.
2024-02-21 14:20:34 Latest version is 1.5.3
2024-02-21 14:20:34 App is up to date.
2024-02-21 15:20:33 Checking for update using Github
2024-02-21 15:20:33 Success.
2024-02-21 15:20:33 Latest version is 1.5.3
2024-02-21 15:20:33 App is up to date.
2024-03-08 09:53:53 Loading main app package /opt/Obsidian/resources/obsidian.asar
2024-03-08 09:53:53 Checking for update using Github
2024-03-08 09:53:53 Success.
2024-03-08 09:53:53 Latest version is 1.5.8
2024-03-08 09:53:53 Downloading update from https://github.com/obsidianmd/obsidian-releases/releases/download/v1.5.8/obsidian-1.5.8.asar.gz
2024-03-08 09:53:54 Verifying hash & signature. Size= 8652806
2024-03-08 09:53:54 Saving file
2024-03-08 09:53:54 Update complete.
2024-03-08 10:53:53 Checking for update using Github
2024-03-08 10:53:53 Success.
2024-03-08 10:53:53 Latest version is 1.5.8
2024-03-08 10:53:53 An update is already downloaded.
2024-03-08 11:53:53 Checking for update using Github
2024-03-08 11:53:53 Success.
2024-03-08 11:53:53 Latest version is 1.5.8
2024-03-08 11:53:53 An update is already downloaded.
2024-03-08 12:53:53 Checking for update using Github
2024-03-08 12:53:53 Success.
2024-03-08 12:53:53 Latest version is 1.5.8
2024-03-08 12:53:53 An update is already downloaded.
2024-03-08 13:53:53 Checking for update using Github
2024-03-08 13:53:53 Success.
2024-03-08 13:53:53 Latest version is 1.5.8
2024-03-08 13:53:53 An update is already downloaded.
2024-03-08 14:53:53 Checking for update using Github
2024-03-08 14:53:53 Success.
2024-03-08 14:53:53 Latest version is 1.5.8
2024-03-08 14:53:53 An update is already downloaded.
2024-03-11 07:54:00 Loading updated app package /home/simmetopia/.config/chromium/obsidian-1.5.8.asar
2024-03-11 07:54:00 Checking for update using Github
2024-03-11 07:54:00 Success.
2024-03-11 07:54:00 Latest version is 1.5.8
2024-03-11 07:54:00 App is up to date.
2024-03-11 08:54:00 Checking for update using Github
2024-03-11 08:54:00 Success.
2024-03-11 08:54:00 Latest version is 1.5.8
2024-03-11 08:54:00 App is up to date.
2024-03-11 09:54:00 Checking for update using Github
2024-03-11 09:54:00 Success.
2024-03-11 09:54:00 Latest version is 1.5.8
2024-03-11 09:54:00 App is up to date.
2024-03-11 10:54:00 Checking for update using Github
2024-03-11 10:54:00 Success.
2024-03-11 10:54:00 Latest version is 1.5.8
2024-03-11 10:54:00 App is up to date.
2024-03-11 11:54:00 Checking for update using Github
2024-03-11 11:54:00 Success.
2024-03-11 11:54:00 Latest version is 1.5.8
2024-03-11 11:54:00 App is up to date.
2024-03-12 09:10:46 Loading updated app package /home/simmetopia/.config/chromium/obsidian-1.5.8.asar
2024-03-12 09:10:46 Checking for update using Github
2024-03-12 09:10:46 Success.
2024-03-12 09:10:46 Latest version is 1.5.8
2024-03-12 09:10:46 App is up to date.
2024-03-12 10:10:46 Checking for update using Github
2024-03-12 10:10:46 Success.
2024-03-12 10:10:46 Latest version is 1.5.8
2024-03-12 10:10:46 App is up to date.
2024-03-12 11:10:46 Checking for update using Github
2024-03-12 11:10:46 Success.
2024-03-12 11:10:46 Latest version is 1.5.8
2024-03-12 11:10:46 App is up to date.
2024-03-12 12:10:46 Checking for update using Github
2024-03-12 12:10:46 Success.
2024-03-12 12:10:46 Latest version is 1.5.8
2024-03-12 12:10:46 App is up to date.
2024-03-12 13:10:46 Checking for update using Github
2024-03-12 13:10:46 Success.
2024-03-12 13:10:46 Latest version is 1.5.8
2024-03-12 13:10:46 App is up to date.
2024-03-12 14:10:46 Checking for update using Github
